<?xml version="1.0" encoding="UTF-8"?>
<testsuite name="com.jojodu.book.springboot.web.PostsApiControllerTest" tests="2" skipped="0" failures="0" errors="0" timestamp="2021-02-19T08:54:31" hostname="DESKTOP-NRJ4RPV" time="0.192">
  <properties/>
  <testcase name="Posts_등록된다" classname="com.jojodu.book.springboot.web.PostsApiControllerTest" time="0.139"/>
  <testcase name="Posts_수정된다" classname="com.jojodu.book.springboot.web.PostsApiControllerTest" time="0.051"/>
  <system-out><![CDATA[2021-02-19 17:54:31.749  INFO 8300 --- [    Test worker] .b.t.c.SpringBootTestContextBootstrapper : Neither @ContextConfiguration nor @ContextHierarchy found for test class [com.jojodu.book.springboot.web.PostsApiControllerTest], using SpringBootContextLoader
2021-02-19 17:54:31.751  INFO 8300 --- [    Test worker] o.s.t.c.support.AbstractContextLoader    : Could not detect default resource locations for test class [com.jojodu.book.springboot.web.PostsApiControllerTest]: no resource found for suffixes {-context.xml, Context.groovy}.
2021-02-19 17:54:31.752  INFO 8300 --- [    Test worker] t.c.s.AnnotationConfigContextLoaderUtils : Could not detect default configuration classes for test class [com.jojodu.book.springboot.web.PostsApiControllerTest]: PostsApiControllerTest does not declare any static, non-private, non-final, nested classes annotated with @Configuration.
2021-02-19 17:54:31.755  INFO 8300 --- [    Test worker] .b.t.c.SpringBootTestContextBootstrapper : Found @SpringBootConfiguration com.jojodu.book.springboot.Application for test class com.jojodu.book.springboot.web.PostsApiControllerTest
2021-02-19 17:54:31.757  INFO 8300 --- [    Test worker] .b.t.c.SpringBootTestContextBootstrapper : Loaded default TestExecutionListener class names from location [META-INF/spring.factories]: [org.springframework.security.test.context.support.WithSecurityContextTestExecutionListener, org.springframework.security.test.context.support.ReactorContextTestExecutionListener, org.springframework.boot.test.autoconfigure.restdocs.RestDocsTestExecutionListener, org.springframework.boot.test.autoconfigure.web.client.MockRestServiceServerResetTestExecutionListener, org.springframework.boot.test.autoconfigure.web.servlet.MockMvcPrintOnlyOnFailureTestExecutionListener, org.springframework.boot.test.autoconfigure.web.servlet.WebDriverTestExecutionListener, org.springframework.boot.test.mock.mockito.MockitoTestExecutionListener, org.springframework.boot.test.mock.mockito.ResetMocksTestExecutionListener, org.springframework.test.context.web.ServletTestExecutionListener, org.springframework.test.context.support.DirtiesContextBeforeModesTestExecutionListener, org.springframework.test.context.support.DependencyInjectionTestExecutionListener, org.springframework.test.context.support.DirtiesContextTestExecutionListener, org.springframework.test.context.transaction.TransactionalTestExecutionListener, org.springframework.test.context.jdbc.SqlScriptsTestExecutionListener]
2021-02-19 17:54:31.759  INFO 8300 --- [    Test worker] .b.t.c.SpringBootTestContextBootstrapper : Using TestExecutionListeners: [org.springframework.test.context.web.ServletTestExecutionListener@608ac721, org.springframework.test.context.support.DirtiesContextBeforeModesTestExecutionListener@36f31830, org.springframework.boot.test.mock.mockito.MockitoTestExecutionListener@6ece1c72, org.springframework.boot.test.autoconfigure.SpringBootDependencyInjectionTestExecutionListener@1c390233, org.springframework.test.context.support.DirtiesContextTestExecutionListener@2abc6d5a, org.springframework.test.context.transaction.TransactionalTestExecutionListener@4a0d2a5, org.springframework.test.context.jdbc.SqlScriptsTestExecutionListener@1a1363cf, org.springframework.security.test.context.support.WithSecurityContextTestExecutionListener@4e6fd224, org.springframework.security.test.context.support.ReactorContextTestExecutionListener@7f0b00e, org.springframework.boot.test.autoconfigure.restdocs.RestDocsTestExecutionListener@5477faf, org.springframework.boot.test.autoconfigure.web.client.MockRestServiceServerResetTestExecutionListener@4cb79d3, org.springframework.boot.test.autoconfigure.web.servlet.MockMvcPrintOnlyOnFailureTestExecutionListener@3405759c, org.springframework.boot.test.autoconfigure.web.servlet.WebDriverTestExecutionListener@36f7c3d2, org.springframework.boot.test.mock.mockito.ResetMocksTestExecutionListener@8f368a4]
2021-02-19 17:54:31.776  INFO 8300 --- [    Test worker] o.a.c.c.C.[Tomcat].[localhost].[/]       : Initializing Spring TestDispatcherServlet ''
2021-02-19 17:54:31.776  INFO 8300 --- [    Test worker] o.s.t.web.servlet.TestDispatcherServlet  : Initializing Servlet ''
2021-02-19 17:54:31.782  INFO 8300 --- [    Test worker] o.s.t.web.servlet.TestDispatcherServlet  : Completed initialization in 5 ms
Hibernate: insert into posts (created_date, modified_date, author, content, title) values (?, ?, ?, ?, ?)
Hibernate: select posts0_.id as id1_0_, posts0_.created_date as created_2_0_, posts0_.modified_date as modified3_0_, posts0_.author as author4_0_, posts0_.content as content5_0_, posts0_.title as title6_0_ from posts posts0_
Hibernate: select posts0_.id as id1_0_, posts0_.created_date as created_2_0_, posts0_.modified_date as modified3_0_, posts0_.author as author4_0_, posts0_.content as content5_0_, posts0_.title as title6_0_ from posts posts0_
Hibernate: delete from posts where id=?
2021-02-19 17:54:31.909  INFO 8300 --- [    Test worker] o.a.c.c.C.[Tomcat].[localhost].[/]       : Initializing Spring TestDispatcherServlet ''
2021-02-19 17:54:31.909  INFO 8300 --- [    Test worker] o.s.t.web.servlet.TestDispatcherServlet  : Initializing Servlet ''
2021-02-19 17:54:31.914  INFO 8300 --- [    Test worker] o.s.t.web.servlet.TestDispatcherServlet  : Completed initialization in 4 ms
Hibernate: insert into posts (created_date, modified_date, author, content, title) values (?, ?, ?, ?, ?)
Hibernate: select posts0_.id as id1_0_0_, posts0_.created_date as created_2_0_0_, posts0_.modified_date as modified3_0_0_, posts0_.author as author4_0_0_, posts0_.content as content5_0_0_, posts0_.title as title6_0_0_ from posts posts0_ where posts0_.id=?
Hibernate: update posts set created_date=?, modified_date=?, author=?, content=?, title=? where id=?
Hibernate: select posts0_.id as id1_0_, posts0_.created_date as created_2_0_, posts0_.modified_date as modified3_0_, posts0_.author as author4_0_, posts0_.content as content5_0_, posts0_.title as title6_0_ from posts posts0_
Hibernate: select posts0_.id as id1_0_, posts0_.created_date as created_2_0_, posts0_.modified_date as modified3_0_, posts0_.author as author4_0_, posts0_.content as content5_0_, posts0_.title as title6_0_ from posts posts0_
Hibernate: delete from posts where id=?
]]></system-out>
  <system-err><![CDATA[]]></system-err>
</testsuite>
