<?xml version="1.0" encoding="UTF-8"?>
<testsuite name="com.jojodu.book.springboot.web.IndexControllerTest" tests="1" skipped="0" failures="0" errors="0" timestamp="2021-02-19T08:54:31" hostname="DESKTOP-NRJ4RPV" time="0.322">
  <properties/>
  <testcase name="메인페이지_로딩" classname="com.jojodu.book.springboot.web.IndexControllerTest" time="0.322"/>
  <system-out><![CDATA[2021-02-19 17:54:27.465  INFO 8300 --- [    Test worker] .b.t.c.SpringBootTestContextBootstrapper : Neither @ContextConfiguration nor @ContextHierarchy found for test class [com.jojodu.book.springboot.web.IndexControllerTest], using SpringBootContextLoader
2021-02-19 17:54:27.466  INFO 8300 --- [    Test worker] o.s.t.c.support.AbstractContextLoader    : Could not detect default resource locations for test class [com.jojodu.book.springboot.web.IndexControllerTest]: no resource found for suffixes {-context.xml, Context.groovy}.
2021-02-19 17:54:27.466  INFO 8300 --- [    Test worker] t.c.s.AnnotationConfigContextLoaderUtils : Could not detect default configuration classes for test class [com.jojodu.book.springboot.web.IndexControllerTest]: IndexControllerTest does not declare any static, non-private, non-final, nested classes annotated with @Configuration.
2021-02-19 17:54:27.468  INFO 8300 --- [    Test worker] .b.t.c.SpringBootTestContextBootstrapper : Found @SpringBootConfiguration com.jojodu.book.springboot.Application for test class com.jojodu.book.springboot.web.IndexControllerTest
2021-02-19 17:54:27.471  INFO 8300 --- [    Test worker] .b.t.c.SpringBootTestContextBootstrapper : Loaded default TestExecutionListener class names from location [META-INF/spring.factories]: [org.springframework.security.test.context.support.WithSecurityContextTestExecutionListener, org.springframework.security.test.context.support.ReactorContextTestExecutionListener, org.springframework.boot.test.autoconfigure.restdocs.RestDocsTestExecutionListener, org.springframework.boot.test.autoconfigure.web.client.MockRestServiceServerResetTestExecutionListener, org.springframework.boot.test.autoconfigure.web.servlet.MockMvcPrintOnlyOnFailureTestExecutionListener, org.springframework.boot.test.autoconfigure.web.servlet.WebDriverTestExecutionListener, org.springframework.boot.test.mock.mockito.MockitoTestExecutionListener, org.springframework.boot.test.mock.mockito.ResetMocksTestExecutionListener, org.springframework.test.context.web.ServletTestExecutionListener, org.springframework.test.context.support.DirtiesContextBeforeModesTestExecutionListener, org.springframework.test.context.support.DependencyInjectionTestExecutionListener, org.springframework.test.context.support.DirtiesContextTestExecutionListener, org.springframework.test.context.transaction.TransactionalTestExecutionListener, org.springframework.test.context.jdbc.SqlScriptsTestExecutionListener]
2021-02-19 17:54:27.473  INFO 8300 --- [    Test worker] .b.t.c.SpringBootTestContextBootstrapper : Using TestExecutionListeners: [org.springframework.test.context.web.ServletTestExecutionListener@78ea80e5, org.springframework.test.context.support.DirtiesContextBeforeModesTestExecutionListener@2d12f9b0, org.springframework.boot.test.mock.mockito.MockitoTestExecutionListener@45ca4f36, org.springframework.boot.test.autoconfigure.SpringBootDependencyInjectionTestExecutionListener@1988b1a4, org.springframework.test.context.support.DirtiesContextTestExecutionListener@35c9f7d8, org.springframework.test.context.transaction.TransactionalTestExecutionListener@f2c47a8, org.springframework.test.context.jdbc.SqlScriptsTestExecutionListener@18881a84, org.springframework.security.test.context.support.WithSecurityContextTestExecutionListener@44d19da0, org.springframework.security.test.context.support.ReactorContextTestExecutionListener@3e5cc5d5, org.springframework.boot.test.autoconfigure.restdocs.RestDocsTestExecutionListener@53a0d4b1, org.springframework.boot.test.autoconfigure.web.client.MockRestServiceServerResetTestExecutionListener@b24a87b, org.springframework.boot.test.autoconfigure.web.servlet.MockMvcPrintOnlyOnFailureTestExecutionListener@43500822, org.springframework.boot.test.autoconfigure.web.servlet.WebDriverTestExecutionListener@1bfa1ff0, org.springframework.boot.test.mock.mockito.ResetMocksTestExecutionListener@4e2a5562]

  .   ____          _            __ _ _
 /\\ / ___'_ __ _ _(_)_ __  __ _ \ \ \ \
( ( )\___ | '_ | '_| | '_ \/ _` | \ \ \ \
 \\/  ___)| |_)| | | | | || (_| |  ) ) ) )
  '  |____| .__|_| |_|_| |_\__, | / / / /
 =========|_|==============|___/=/_/_/_/
 :: Spring Boot ::        (v2.1.7.RELEASE)

2021-02-19 17:54:27.519  INFO 8300 --- [    Test worker] c.j.b.s.web.IndexControllerTest          : Starting IndexControllerTest on DESKTOP-NRJ4RPV with PID 8300 (started by user in C:\Users\user\Desktop\freelec-springboot2-webservice)
2021-02-19 17:54:27.520  INFO 8300 --- [    Test worker] c.j.b.s.web.IndexControllerTest          : No active profile set, falling back to default profiles: default
2021-02-19 17:54:27.892  INFO 8300 --- [    Test worker] .s.d.r.c.RepositoryConfigurationDelegate : Bootstrapping Spring Data repositories in DEFAULT mode.
2021-02-19 17:54:27.931  INFO 8300 --- [    Test worker] .s.d.r.c.RepositoryConfigurationDelegate : Finished Spring Data repository scanning in 38ms. Found 2 repository interfaces.
2021-02-19 17:54:28.089  INFO 8300 --- [    Test worker] trationDelegate$BeanPostProcessorChecker : Bean 'org.springframework.transaction.annotation.ProxyTransactionManagementConfiguration' of type [org.springframework.transaction.annotation.ProxyTransactionManagementConfiguration$$EnhancerBySpringCGLIB$$c7dfff58] is not eligible for getting processed by all BeanPostProcessors (for example: not eligible for auto-proxying)
2021-02-19 17:54:28.508  INFO 8300 --- [    Test worker] o.s.b.w.embedded.tomcat.TomcatWebServer  : Tomcat initialized with port(s): 0 (http)
2021-02-19 17:54:28.557  INFO 8300 --- [    Test worker] o.apache.catalina.core.StandardService   : Starting service [Tomcat]
2021-02-19 17:54:28.558  INFO 8300 --- [    Test worker] org.apache.catalina.core.StandardEngine  : Starting Servlet engine: [Apache Tomcat/9.0.22]
2021-02-19 17:54:28.891  INFO 8300 --- [    Test worker] o.a.c.c.C.[Tomcat].[localhost].[/]       : Initializing Spring embedded WebApplicationContext
2021-02-19 17:54:28.891  INFO 8300 --- [    Test worker] o.s.web.context.ContextLoader            : Root WebApplicationContext: initialization completed in 1364 ms
2021-02-19 17:54:29.160  INFO 8300 --- [    Test worker] com.zaxxer.hikari.HikariDataSource       : HikariPool-2 - Starting...
2021-02-19 17:54:29.162  INFO 8300 --- [    Test worker] com.zaxxer.hikari.HikariDataSource       : HikariPool-2 - Start completed.
2021-02-19 17:54:29.222  INFO 8300 --- [    Test worker] o.hibernate.jpa.internal.util.LogHelper  : HHH000204: Processing PersistenceUnitInfo [
	name: default
	...]
2021-02-19 17:54:29.239  INFO 8300 --- [    Test worker] org.hibernate.dialect.Dialect            : HHH000400: Using dialect: org.hibernate.dialect.MySQL5InnoDBDialect
Hibernate: drop table if exists posts
Hibernate: drop table if exists user
Hibernate: create table posts (id bigint not null auto_increment, created_date datetime, modified_date datetime, author varchar(255), content TEXT not null, title varchar(500) not null, primary key (id)) engine=InnoDB
Hibernate: create table user (id bigint not null auto_increment, created_date datetime, modified_date datetime, email varchar(255) not null, name varchar(255) not null, picture varchar(255), role varchar(255) not null, primary key (id)) engine=InnoDB
2021-02-19 17:54:29.336  INFO 8300 --- [    Test worker] o.h.t.schema.internal.SchemaCreatorImpl  : HHH000476: Executing import script 'org.hibernate.tool.schema.internal.exec.ScriptSourceInputNonExistentImpl@72983f10'
2021-02-19 17:54:29.337  INFO 8300 --- [    Test worker] j.LocalContainerEntityManagerFactoryBean : Initialized JPA EntityManagerFactory for persistence unit 'default'
2021-02-19 17:54:29.951  INFO 8300 --- [    Test worker] o.h.h.i.QueryTranslatorFactoryInitiator  : HHH000397: Using ASTQueryTranslatorFactory
2021-02-19 17:54:30.444  INFO 8300 --- [    Test worker] o.s.s.web.DefaultSecurityFilterChain     : Creating filter chain: any request, [org.springframework.security.web.context.request.async.WebAsyncManagerIntegrationFilter@61f776fd, org.springframework.security.web.context.SecurityContextPersistenceFilter@30a6807c, org.springframework.security.web.header.HeaderWriterFilter@26e905, org.springframework.security.web.authentication.logout.LogoutFilter@6e424143, org.springframework.security.oauth2.client.web.OAuth2AuthorizationRequestRedirectFilter@6cef8494, org.springframework.security.oauth2.client.web.OAuth2LoginAuthenticationFilter@3b4de690, org.springframework.security.web.authentication.ui.DefaultLoginPageGeneratingFilter@6ae38903, org.springframework.security.web.authentication.ui.DefaultLogoutPageGeneratingFilter@7657c983, org.springframework.security.web.savedrequest.RequestCacheAwareFilter@4189fe48, org.springframework.security.web.servletapi.SecurityContextHolderAwareRequestFilter@765049bd, org.springframework.security.web.authentication.AnonymousAuthenticationFilter@668c38f9, org.springframework.security.web.session.SessionManagementFilter@22e7c915, org.springframework.security.web.access.ExceptionTranslationFilter@256a9686, org.springframework.security.web.access.intercept.FilterSecurityInterceptor@1a11a4c4]
2021-02-19 17:54:30.814  INFO 8300 --- [    Test worker] o.s.s.concurrent.ThreadPoolTaskExecutor  : Initializing ExecutorService 'applicationTaskExecutor'
2021-02-19 17:54:30.837  WARN 8300 --- [    Test worker] aWebConfiguration$JpaWebMvcConfiguration : spring.jpa.open-in-view is enabled by default. Therefore, database queries may be performed during view rendering. Explicitly configure spring.jpa.open-in-view to disable this warning
2021-02-19 17:54:30.889  INFO 8300 --- [    Test worker] o.s.b.a.w.s.WelcomePageHandlerMapping    : Adding welcome page template: index
2021-02-19 17:54:31.377  INFO 8300 --- [    Test worker] s.a.ScheduledAnnotationBeanPostProcessor : No TaskScheduler/ScheduledExecutorService bean found for scheduled processing
2021-02-19 17:54:31.409  INFO 8300 --- [    Test worker] o.s.b.w.embedded.tomcat.TomcatWebServer  : Tomcat started on port(s): 49494 (http) with context path ''
2021-02-19 17:54:31.412  INFO 8300 --- [    Test worker] c.j.b.s.web.IndexControllerTest          : Started IndexControllerTest in 3.936 seconds (JVM running for 19.784)
2021-02-19 17:54:31.569  INFO 8300 --- [o-auto-1-exec-1] o.a.c.c.C.[Tomcat].[localhost].[/]       : Initializing Spring DispatcherServlet 'dispatcherServlet'
2021-02-19 17:54:31.569  INFO 8300 --- [o-auto-1-exec-1] o.s.web.servlet.DispatcherServlet        : Initializing Servlet 'dispatcherServlet'
2021-02-19 17:54:31.606  INFO 8300 --- [o-auto-1-exec-1] o.s.web.servlet.DispatcherServlet        : Completed initialization in 37 ms
Hibernate: select posts0_.id as id1_0_, posts0_.created_date as created_2_0_, posts0_.modified_date as modified3_0_, posts0_.author as author4_0_, posts0_.content as content5_0_, posts0_.title as title6_0_ from posts posts0_ order by posts0_.id DESC
]]></system-out>
  <system-err><![CDATA[]]></system-err>
</testsuite>
